<?xml version="1.0" encoding="UTF-8"?>
<!-- Generated by org.testng.reporters.JUnitReportReporter -->
<testsuite hostname="RAMESH" name="sp.com.module.Loginpage" tests="1" failures="0" timestamp="21 Feb 2017 10:56:58 GMT" time="18.527" errors="0">
  <testcase name="resetdata" time="18.527" classname="sp.com.module.Loginpage"/>
</testsuite> <!-- sp.com.module.Loginpage -->
