<?xml version="1.0" encoding="UTF-8"?>
<!-- Generated by org.testng.reporters.JUnitReportReporter -->
<testsuite hostname="RAMESH" name="package1.Classthis" tests="3" failures="0" timestamp="4 Feb 2017 09:07:39 GMT" time="4.991" errors="0">
  <testcase name="reverseString" time="0.005" classname="package1.Classthis"/>
  <testcase name="method1" time="4.982" classname="package1.Classthis"/>
  <testcase name="method2" time="0.004" classname="package1.Classthis"/>
</testsuite> <!-- package1.Classthis -->
