<?xml version="1.0" encoding="UTF-8"?>
<!-- Generated by org.testng.reporters.JUnitReportReporter -->
<testsuite hostname="RAMESH" name="SeleniumVelocity.ResetdataExcel" tests="1" failures="0" timestamp="29 Jan 2017 19:00:56 GMT" time="55.530" errors="0">
  <testcase name="resetdata" time="55.530" classname="SeleniumVelocity.ResetdataExcel"/>
</testsuite> <!-- SeleniumVelocity.ResetdataExcel -->
